{"level":"info","message":"/ranking -> Entregado con éxito","timestamp":"2022-05-30T10:40:52.909Z"}
{"level":"info","message":"/ranking -> Entregado con éxito","timestamp":"2022-05-30T10:40:53.010Z"}
{"level":"info","message":"/ranking -> Entregado con éxito","timestamp":"2022-05-30T10:41:09.753Z"}
{"level":"info","message":"/ranking -> Entregado con éxito","timestamp":"2022-05-30T10:41:09.838Z"}
{"level":"info","message":"/ranking -> Entregado con éxito","timestamp":"2022-05-30T10:41:13.144Z"}
{"level":"info","message":"/ranking -> Entregado con éxito","timestamp":"2022-05-30T10:42:18.008Z"}
{"level":"info","message":"/ranking -> Entregado con éxito","timestamp":"2022-05-30T10:42:18.056Z"}
{"level":"info","message":"/ranking -> Entregado con éxito","timestamp":"2022-05-30T10:42:26.045Z"}
{"level":"info","message":"/ranking -> Entregado con éxito","timestamp":"2022-05-30T10:42:26.087Z"}
{"level":"info","message":"/ranking -> Entregado con éxito","timestamp":"2022-05-30T10:42:27.859Z"}
{"level":"info","message":"/ranking -> Entregado con éxito","timestamp":"2022-05-30T10:42:30.238Z"}
{"level":"error","message":"/ranking -> Error!","timestamp":"2022-05-30T10:43:37.538Z"}
{"level":"error","message":"/ranking -> Error!","timestamp":"2022-05-30T10:43:37.602Z"}
{"level":"error","message":"/ranking -> Error!","timestamp":"2022-05-30T10:43:38.560Z"}
{"level":"error","message":"/ranking -> Error!","timestamp":"2022-05-30T10:43:38.611Z"}
{"level":"error","message":"/ranking -> Error!","timestamp":"2022-05-30T10:43:39.221Z"}
{"level":"error","message":"fetch service -> Error!","timestamp":"2022-05-30T10:44:35.476Z"}
{"level":"info","message":"/ranking -> Entregado con éxito","timestamp":"2022-05-30T10:44:35.478Z"}
{"level":"error","message":"fetch service -> Error!","timestamp":"2022-05-30T10:44:35.527Z"}
{"level":"info","message":"/ranking -> Entregado con éxito","timestamp":"2022-05-30T10:44:35.527Z"}
{"level":"error","message":"fetch service -> Error!","timestamp":"2022-05-30T10:51:14.086Z"}
{"level":"error","message":"text analysis (v1) service -> Error!","timestamp":"2022-05-30T10:51:14.088Z"}
{"level":"info","message":"/ranking -> Entregado con éxito","timestamp":"2022-05-30T10:51:14.088Z"}
{"level":"error","message":"fetch service -> Error!","timestamp":"2022-05-30T10:51:14.145Z"}
{"level":"error","message":"text analysis (v1) service -> Error!","timestamp":"2022-05-30T10:51:14.145Z"}
{"level":"info","message":"/ranking -> Entregado con éxito","timestamp":"2022-05-30T10:51:14.145Z"}
{"level":"info","message":"fetch service -> OK!","timestamp":"2022-05-30T10:51:41.449Z"}
{"level":"info","message":"rank generator service -> OK!","timestamp":"2022-05-30T10:51:41.453Z"}
{"level":"error","message":"rank limiter service -> OK!","timestamp":"2022-05-30T10:51:41.454Z"}
{"level":"info","message":"text analysis (v1) service -> OK!","timestamp":"2022-05-30T10:51:41.454Z"}
{"level":"info","message":"/ranking -> Entregado con éxito","timestamp":"2022-05-30T10:51:41.454Z"}
{"level":"info","message":"fetch service -> OK!","timestamp":"2022-05-30T10:51:41.529Z"}
{"level":"info","message":"rank generator service -> OK!","timestamp":"2022-05-30T10:51:41.530Z"}
{"level":"error","message":"rank limiter service -> OK!","timestamp":"2022-05-30T10:51:41.530Z"}
{"level":"info","message":"text analysis (v1) service -> OK!","timestamp":"2022-05-30T10:51:41.530Z"}
{"level":"info","message":"/ranking -> Entregado con éxito","timestamp":"2022-05-30T10:51:41.530Z"}
{"level":"info","message":"fetch service -> OK!","timestamp":"2022-05-30T10:51:47.050Z"}
{"level":"info","message":"rank generator service -> OK!","timestamp":"2022-05-30T10:51:47.052Z"}
{"level":"error","message":"rank limiter service -> OK!","timestamp":"2022-05-30T10:51:47.053Z"}
{"level":"info","message":"text analysis (v1) service -> OK!","timestamp":"2022-05-30T10:51:47.053Z"}
{"level":"info","message":"/ranking -> Entregado con éxito","timestamp":"2022-05-30T10:51:47.053Z"}
{"level":"info","message":"fetch service -> OK!","timestamp":"2022-05-30T10:52:28.755Z"}
{"level":"info","message":"rank generator service -> OK!","timestamp":"2022-05-30T10:52:28.757Z"}
{"level":"info","message":"rank limiter service -> OK!","timestamp":"2022-05-30T10:52:28.757Z"}
{"level":"info","message":"text analysis (v1) service -> OK!","timestamp":"2022-05-30T10:52:28.757Z"}
{"level":"info","message":"/ranking -> Entregado con éxito","timestamp":"2022-05-30T10:52:28.758Z"}
{"level":"info","message":"fetch service -> OK!","timestamp":"2022-05-30T10:52:32.249Z"}
{"level":"info","message":"rank generator service -> OK!","timestamp":"2022-05-30T10:52:32.252Z"}
{"level":"info","message":"rank limiter service -> OK!","timestamp":"2022-05-30T10:52:32.252Z"}
{"level":"info","message":"text analysis (v1) service -> OK!","timestamp":"2022-05-30T10:52:32.253Z"}
{"level":"info","message":"/ranking -> Entregado con éxito","timestamp":"2022-05-30T10:52:32.253Z"}
{"level":"info","message":"fetch service -> OK!","timestamp":"2022-05-30T10:58:12.240Z"}
{"level":"info","message":"rank generator service -> OK!","timestamp":"2022-05-30T10:58:12.242Z"}
{"level":"info","message":"rank limiter service -> OK!","timestamp":"2022-05-30T10:58:12.242Z"}
{"level":"info","message":"text analysis (v1) service -> OK!","timestamp":"2022-05-30T10:58:12.242Z"}
{"level":"info","message":"/ranking -> Entregado con éxito","timestamp":"2022-05-30T10:58:12.242Z"}
{"level":"info","message":"fetch service -> OK!","timestamp":"2022-05-30T10:58:12.347Z"}
{"level":"info","message":"rank generator service -> OK!","timestamp":"2022-05-30T10:58:12.348Z"}
{"level":"info","message":"rank limiter service -> OK!","timestamp":"2022-05-30T10:58:12.348Z"}
{"level":"info","message":"text analysis (v1) service -> OK!","timestamp":"2022-05-30T10:58:12.348Z"}
{"level":"info","message":"/ranking -> Entregado con éxito","timestamp":"2022-05-30T10:58:12.348Z"}
{"level":"info","message":"fetch service -> OK!","timestamp":"2022-05-30T10:58:19.706Z"}
{"level":"info","message":"rank generator service -> OK!","timestamp":"2022-05-30T10:58:19.707Z"}
{"level":"info","message":"rank limiter service -> OK!","timestamp":"2022-05-30T10:58:19.708Z"}
{"level":"info","message":"text analysis (v1) service -> OK!","timestamp":"2022-05-30T10:58:19.708Z"}
{"level":"info","message":"/ranking -> Entregado con éxito","timestamp":"2022-05-30T10:58:19.708Z"}
{"level":"info","message":"fetch service -> OK!","timestamp":"2022-05-30T10:58:23.381Z"}
{"level":"info","message":"rank generator service -> OK!","timestamp":"2022-05-30T10:58:23.382Z"}
{"level":"error","message":"/ranking -> Error!","timestamp":"2022-05-30T10:58:23.383Z"}
{"level":"info","message":"fetch service -> OK!","timestamp":"2022-05-30T10:58:28.020Z"}
{"level":"info","message":"rank generator service -> OK!","timestamp":"2022-05-30T10:58:28.020Z"}
{"level":"error","message":"/ranking -> Error!","timestamp":"2022-05-30T10:58:28.020Z"}
{"level":"info","message":"fetch service -> OK!","timestamp":"2022-05-30T10:58:50.424Z"}
{"level":"info","message":"rank generator service -> OK!","timestamp":"2022-05-30T10:58:50.426Z"}
{"level":"error","message":"/ranking -> Error!","timestamp":"2022-05-30T10:58:50.426Z"}
{"level":"info","message":"fetch service -> OK!","timestamp":"2022-05-30T10:59:41.630Z"}
{"level":"info","message":"rank generator service -> OK!","timestamp":"2022-05-30T10:59:41.632Z"}
{"level":"error","message":"v2/ranking -> Error!","timestamp":"2022-05-30T10:59:41.632Z"}
{"level":"info","message":"fetch service -> OK!","timestamp":"2022-05-30T11:00:00.666Z"}
{"level":"info","message":"rank generator service -> OK!","timestamp":"2022-05-30T11:00:00.667Z"}
{"level":"info","message":"rank limiter service -> OK!","timestamp":"2022-05-30T11:00:00.668Z"}
{"level":"info","message":"text analysis (v1) service -> OK!","timestamp":"2022-05-30T11:00:00.668Z"}
{"level":"info","message":"v1/ranking -> Entregado con éxito","timestamp":"2022-05-30T11:00:00.668Z"}
{"level":"info","message":"fetch service -> OK!","timestamp":"2022-05-30T11:00:05.779Z"}
{"level":"info","message":"rank generator service -> OK!","timestamp":"2022-05-30T11:00:05.780Z"}
{"level":"error","message":"v2/ranking -> Error!","timestamp":"2022-05-30T11:00:05.780Z"}
{"level":"info","message":"fetch service -> OK!","timestamp":"2022-05-30T11:00:20.346Z"}
{"level":"info","message":"v2/text -> Entregado con éxito!","timestamp":"2022-05-30T11:00:20.346Z"}
{"level":"info","message":"fetch service -> OK!","timestamp":"2022-05-30T11:01:19.673Z"}
{"level":"info","message":"rank generator service -> OK!","timestamp":"2022-05-30T11:01:19.674Z"}
{"level":"error","message":"v2/ranking -> Error!","timestamp":"2022-05-30T11:01:19.674Z"}
{"level":"info","message":"fetch service -> OK!","timestamp":"2022-05-30T11:01:45.307Z"}
{"level":"info","message":"rank generator service -> OK!","timestamp":"2022-05-30T11:01:45.308Z"}
{"level":"error","message":"v2/ranking -> Error!","timestamp":"2022-05-30T11:01:45.308Z"}
{"level":"info","message":"fetch service -> OK!","timestamp":"2022-05-30T11:01:45.961Z"}
{"level":"info","message":"rank generator service -> OK!","timestamp":"2022-05-30T11:01:45.962Z"}
{"level":"error","message":"v2/ranking -> Error!","timestamp":"2022-05-30T11:01:45.963Z"}
{"level":"info","message":"fetch service -> OK!","timestamp":"2022-05-30T11:02:02.508Z"}
{"level":"info","message":"rank generator service -> OK!","timestamp":"2022-05-30T11:02:02.510Z"}
{"level":"error","message":"v2/ranking -> Error!","timestamp":"2022-05-30T11:02:02.510Z"}
{"level":"info","message":"fetch service -> OK!","timestamp":"2022-05-30T11:02:03.422Z"}
{"level":"info","message":"rank generator service -> OK!","timestamp":"2022-05-30T11:02:03.424Z"}
{"level":"error","message":"v2/ranking -> Error!","timestamp":"2022-05-30T11:02:03.425Z"}
{"level":"info","message":"fetch service -> OK!","timestamp":"2022-05-30T11:02:12.202Z"}
{"level":"info","message":"rank generator service -> OK!","timestamp":"2022-05-30T11:02:12.203Z"}
{"level":"error","message":"v2/ranking -> Error!","timestamp":"2022-05-30T11:02:12.203Z"}
{"level":"info","message":"fetch service -> OK!","timestamp":"2022-05-30T11:02:47.942Z"}
{"level":"info","message":"rank generator service -> OK!","timestamp":"2022-05-30T11:02:47.943Z"}
{"level":"info","message":"text analysis (v2) service -> OK!","timestamp":"2022-05-30T11:02:47.943Z"}
{"level":"info","message":"v2/ranking -> Entregado con éxito!","timestamp":"2022-05-30T11:02:47.944Z"}
{"level":"info","message":"fetch service -> OK!","timestamp":"2022-05-30T11:03:06.088Z"}
{"level":"info","message":"rank generator service -> OK!","timestamp":"2022-05-30T11:03:06.088Z"}
{"level":"info","message":"text analysis (v2) service -> OK!","timestamp":"2022-05-30T11:03:06.088Z"}
{"level":"info","message":"v2/ranking -> Entregado con éxito!","timestamp":"2022-05-30T11:03:06.088Z"}
{"level":"info","message":"fetch service -> OK!","timestamp":"2022-05-30T11:03:16.947Z"}
{"level":"info","message":"rank generator service -> OK!","timestamp":"2022-05-30T11:03:16.949Z"}
{"level":"info","message":"text analysis (v2) service -> OK!","timestamp":"2022-05-30T11:03:16.949Z"}
{"level":"info","message":"v2/ranking -> Entregado con éxito!","timestamp":"2022-05-30T11:03:16.949Z"}
{"level":"info","message":"fetch service -> OK!","timestamp":"2022-05-30T11:03:28.034Z"}
{"level":"info","message":"rank generator service -> OK!","timestamp":"2022-05-30T11:03:28.035Z"}
{"level":"info","message":"text analysis (v2) service -> OK!","timestamp":"2022-05-30T11:03:28.035Z"}
{"level":"info","message":"v2/ranking -> Entregado con éxito!","timestamp":"2022-05-30T11:03:28.035Z"}
{"level":"info","message":"fetch service -> OK!","timestamp":"2022-05-30T11:03:34.499Z"}
{"level":"info","message":"rank generator service -> OK!","timestamp":"2022-05-30T11:03:34.500Z"}
{"level":"info","message":"text analysis (v2) service -> OK!","timestamp":"2022-05-30T11:03:34.500Z"}
{"level":"info","message":"v2/ranking -> Entregado con éxito!","timestamp":"2022-05-30T11:03:34.500Z"}
{"level":"info","message":"fetch service -> OK!","timestamp":"2022-05-30T11:03:40.035Z"}
{"level":"info","message":"rank generator service -> OK!","timestamp":"2022-05-30T11:03:40.035Z"}
{"level":"info","message":"text analysis (v2) service -> OK!","timestamp":"2022-05-30T11:03:40.036Z"}
{"level":"info","message":"v2/ranking -> Entregado con éxito!","timestamp":"2022-05-30T11:03:40.036Z"}
{"level":"info","message":"fetch service -> OK!","timestamp":"2022-05-30T11:03:56.721Z"}
{"level":"info","message":"rank generator service -> OK!","timestamp":"2022-05-30T11:03:56.722Z"}
{"level":"info","message":"rank limiter service -> OK!","timestamp":"2022-05-30T11:03:56.722Z"}
{"level":"info","message":"text analysis (v1) service -> OK!","timestamp":"2022-05-30T11:03:56.722Z"}
{"level":"info","message":"v1/ranking -> Entregado con éxito","timestamp":"2022-05-30T11:03:56.723Z"}
{"level":"info","message":"fetch service -> OK!","timestamp":"2022-05-30T11:03:56.784Z"}
{"level":"info","message":"rank generator service -> OK!","timestamp":"2022-05-30T11:03:56.785Z"}
{"level":"info","message":"rank limiter service -> OK!","timestamp":"2022-05-30T11:03:56.785Z"}
{"level":"info","message":"text analysis (v1) service -> OK!","timestamp":"2022-05-30T11:03:56.785Z"}
{"level":"info","message":"v1/ranking -> Entregado con éxito","timestamp":"2022-05-30T11:03:56.785Z"}
{"level":"info","message":"fetch service -> OK!","timestamp":"2022-05-30T11:03:58.192Z"}
{"level":"info","message":"rank generator service -> OK!","timestamp":"2022-05-30T11:03:58.193Z"}
{"level":"info","message":"rank limiter service -> OK!","timestamp":"2022-05-30T11:03:58.193Z"}
{"level":"info","message":"text analysis (v1) service -> OK!","timestamp":"2022-05-30T11:03:58.194Z"}
{"level":"info","message":"v1/ranking -> Entregado con éxito","timestamp":"2022-05-30T11:03:58.194Z"}
{"level":"info","message":"fetch service -> OK!","timestamp":"2022-05-30T11:03:58.228Z"}
{"level":"info","message":"rank generator service -> OK!","timestamp":"2022-05-30T11:03:58.228Z"}
{"level":"info","message":"rank limiter service -> OK!","timestamp":"2022-05-30T11:03:58.228Z"}
{"level":"info","message":"text analysis (v1) service -> OK!","timestamp":"2022-05-30T11:03:58.228Z"}
{"level":"info","message":"v1/ranking -> Entregado con éxito","timestamp":"2022-05-30T11:03:58.228Z"}
{"level":"info","message":"fetch service -> OK!","timestamp":"2022-05-30T11:04:04.247Z"}
{"level":"info","message":"rank generator service -> OK!","timestamp":"2022-05-30T11:04:04.248Z"}
{"level":"info","message":"rank limiter service -> OK!","timestamp":"2022-05-30T11:04:04.248Z"}
{"level":"info","message":"text analysis (v1) service -> OK!","timestamp":"2022-05-30T11:04:04.248Z"}
{"level":"info","message":"v1/ranking -> Entregado con éxito","timestamp":"2022-05-30T11:04:04.248Z"}
{"level":"info","message":"fetch service -> OK!","timestamp":"2022-05-30T11:04:06.862Z"}
{"level":"info","message":"rank generator service -> OK!","timestamp":"2022-05-30T11:04:06.863Z"}
{"level":"info","message":"rank limiter service -> OK!","timestamp":"2022-05-30T11:04:06.863Z"}
{"level":"info","message":"text analysis (v1) service -> OK!","timestamp":"2022-05-30T11:04:06.863Z"}
{"level":"info","message":"v1/ranking -> Entregado con éxito","timestamp":"2022-05-30T11:04:06.863Z"}
{"level":"info","message":"fetch service -> OK!","timestamp":"2022-05-30T11:04:12.295Z"}
{"level":"info","message":"rank generator service -> OK!","timestamp":"2022-05-30T11:04:12.296Z"}
{"level":"info","message":"rank limiter service -> OK!","timestamp":"2022-05-30T11:04:12.296Z"}
{"level":"info","message":"text analysis (v1) service -> OK!","timestamp":"2022-05-30T11:04:12.296Z"}
{"level":"info","message":"v1/ranking -> Entregado con éxito","timestamp":"2022-05-30T11:04:12.296Z"}
{"level":"info","message":"fetch service -> OK!","timestamp":"2022-05-30T11:04:15.425Z"}
{"level":"info","message":"rank generator service -> OK!","timestamp":"2022-05-30T11:04:15.426Z"}
{"level":"info","message":"text analysis (v2) service -> OK!","timestamp":"2022-05-30T11:04:15.426Z"}
{"level":"info","message":"v2/ranking -> Entregado con éxito!","timestamp":"2022-05-30T11:04:15.426Z"}
