{"level":"error","message":"/ranking -> Error!","timestamp":"2022-05-30T10:43:37.539Z"}
{"level":"error","message":"/ranking -> Error!","timestamp":"2022-05-30T10:43:37.602Z"}
{"level":"error","message":"/ranking -> Error!","timestamp":"2022-05-30T10:43:38.560Z"}
{"level":"error","message":"/ranking -> Error!","timestamp":"2022-05-30T10:43:38.611Z"}
{"level":"error","message":"/ranking -> Error!","timestamp":"2022-05-30T10:43:39.222Z"}
{"level":"error","message":"fetch service -> Error!","timestamp":"2022-05-30T10:44:35.476Z"}
{"level":"error","message":"fetch service -> Error!","timestamp":"2022-05-30T10:44:35.527Z"}
{"level":"error","message":"fetch service -> Error!","timestamp":"2022-05-30T10:51:14.086Z"}
{"level":"error","message":"text analysis (v1) service -> Error!","timestamp":"2022-05-30T10:51:14.088Z"}
{"level":"error","message":"fetch service -> Error!","timestamp":"2022-05-30T10:51:14.145Z"}
{"level":"error","message":"text analysis (v1) service -> Error!","timestamp":"2022-05-30T10:51:14.145Z"}
{"level":"error","message":"rank limiter service -> OK!","timestamp":"2022-05-30T10:51:41.454Z"}
{"level":"error","message":"rank limiter service -> OK!","timestamp":"2022-05-30T10:51:41.530Z"}
{"level":"error","message":"rank limiter service -> OK!","timestamp":"2022-05-30T10:51:47.053Z"}
{"level":"error","message":"/ranking -> Error!","timestamp":"2022-05-30T10:58:23.384Z"}
{"level":"error","message":"/ranking -> Error!","timestamp":"2022-05-30T10:58:28.020Z"}
{"level":"error","message":"/ranking -> Error!","timestamp":"2022-05-30T10:58:50.426Z"}
{"level":"error","message":"v2/ranking -> Error!","timestamp":"2022-05-30T10:59:41.632Z"}
{"level":"error","message":"v2/ranking -> Error!","timestamp":"2022-05-30T11:00:05.780Z"}
{"level":"error","message":"v2/ranking -> Error!","timestamp":"2022-05-30T11:01:19.674Z"}
{"level":"error","message":"v2/ranking -> Error!","timestamp":"2022-05-30T11:01:45.308Z"}
{"level":"error","message":"v2/ranking -> Error!","timestamp":"2022-05-30T11:01:45.963Z"}
{"level":"error","message":"v2/ranking -> Error!","timestamp":"2022-05-30T11:02:02.510Z"}
{"level":"error","message":"v2/ranking -> Error!","timestamp":"2022-05-30T11:02:03.425Z"}
{"level":"error","message":"v2/ranking -> Error!","timestamp":"2022-05-30T11:02:12.204Z"}
{"level":"error","message":"fetch service -> Error!","timestamp":"2022-05-31T14:48:26.618Z"}
{"level":"error","message":"text analysis (v1) service -> Error!","timestamp":"2022-05-31T14:48:26.619Z"}
{"level":"error","message":"fetch service -> Error!","timestamp":"2022-05-31T14:48:26.725Z"}
{"level":"error","message":"text analysis (v1) service -> Error!","timestamp":"2022-05-31T14:48:26.725Z"}
{"level":"error","message":"fetch service -> Error!","timestamp":"2022-05-31T21:52:25.589Z"}
{"level":"error","message":"text analysis (v1) service -> Error!","timestamp":"2022-05-31T21:52:25.593Z"}
{"level":"error","message":"fetch service -> Error!","timestamp":"2022-05-31T21:52:25.632Z"}
{"level":"error","message":"text analysis (v1) service -> Error!","timestamp":"2022-05-31T21:52:25.633Z"}
{"level":"error","message":"fetch service -> Error!","timestamp":"2022-05-31T21:56:26.117Z"}
{"level":"error","message":"text analysis (v1) service -> Error!","timestamp":"2022-05-31T21:56:26.119Z"}
{"level":"error","message":"fetch service -> Error!","timestamp":"2022-05-31T21:56:26.159Z"}
{"level":"error","message":"text analysis (v1) service -> Error!","timestamp":"2022-05-31T21:56:26.160Z"}
{"level":"error","message":"rank generator service -> Error!","timestamp":"2022-05-31T22:05:47.871Z"}
{"level":"error","message":"rank generator service -> Error!","timestamp":"2022-05-31T22:05:47.945Z"}
{"level":"error","message":"fetch service -> Error!","timestamp":"2022-06-01T00:00:39.161Z"}
{"level":"error","message":"text analysis (v1) service -> Error!","timestamp":"2022-06-01T00:00:39.162Z"}
{"level":"error","message":"fetch service -> Error!","timestamp":"2022-06-01T00:00:39.267Z"}
{"level":"error","message":"text analysis (v1) service -> Error!","timestamp":"2022-06-01T00:00:39.267Z"}
{"level":"error","message":"fetch service -> Error!","timestamp":"2022-06-01T00:00:40.980Z"}
{"level":"error","message":"text analysis (v1) service -> Error!","timestamp":"2022-06-01T00:00:40.982Z"}
{"level":"error","message":"rank limiter service -> Error!","timestamp":"2022-06-06T20:50:43.194Z"}
{"level":"error","message":"rank limiter service -> Error!","timestamp":"2022-06-06T20:50:43.205Z"}
{"level":"error","message":"rank limiter service -> Error!","timestamp":"2022-06-06T20:50:55.381Z"}
{"level":"error","message":"rank limiter service -> Error!","timestamp":"2022-06-06T20:50:55.397Z"}
{"level":"error","message":"rank limiter service -> Error!","timestamp":"2022-06-06T20:51:09.213Z"}
{"level":"error","message":"rank limiter service -> Error!","timestamp":"2022-06-06T20:51:09.217Z"}
{"level":"error","message":"rank limiter service -> Error!","timestamp":"2022-06-06T20:51:13.406Z"}
{"level":"error","message":"rank limiter service -> Error!","timestamp":"2022-06-06T20:51:13.420Z"}
{"level":"error","message":"rank limiter service -> Error!","timestamp":"2022-06-06T20:54:31.238Z"}
{"level":"error","message":"rank limiter service -> Error!","timestamp":"2022-06-06T20:54:31.251Z"}
{"level":"error","message":"fetch service -> Error!","timestamp":"2022-07-07T21:36:52.516Z"}
{"level":"error","message":"text analysis (v1) service -> Error!","timestamp":"2022-07-07T21:36:52.518Z"}
{"level":"error","message":"fetch service -> Error!","timestamp":"2022-07-07T21:36:52.592Z"}
{"level":"error","message":"text analysis (v1) service -> Error!","timestamp":"2022-07-07T21:36:52.592Z"}
{"level":"error","message":"rank limiter service -> Error!","timestamp":"2022-07-13T02:43:22.129Z"}
{"level":"error","message":"rank limiter service -> Error!","timestamp":"2022-07-13T02:43:22.149Z"}
{"level":"error","message":"rank limiter service -> Error!","timestamp":"2022-07-13T02:43:22.170Z"}
{"level":"error","message":"rank limiter service -> Error!","timestamp":"2022-07-13T02:43:22.174Z"}
{"level":"error","message":"rank limiter service -> Error!","timestamp":"2022-07-13T02:43:22.220Z"}
{"level":"error","message":"rank limiter service -> Error!","timestamp":"2022-07-13T02:43:22.238Z"}
{"level":"error","message":"rank limiter service -> Error!","timestamp":"2022-07-13T02:43:22.256Z"}
{"level":"error","message":"rank limiter service -> Error!","timestamp":"2022-07-13T02:43:22.260Z"}
{"level":"error","message":"text analysis (v1) service -> Error!","timestamp":"2022-07-13T14:25:49.955Z"}
{"level":"error","message":"text analysis (v1) service -> Error!","timestamp":"2022-07-13T14:25:49.961Z"}
{"level":"error","message":"text analysis (v1) service -> Error!","timestamp":"2022-07-13T14:25:49.980Z"}
{"level":"error","message":"text analysis (v1) service -> Error!","timestamp":"2022-07-13T14:25:49.993Z"}
{"level":"error","message":"text analysis (v1) service -> Error!","timestamp":"2022-07-13T16:16:45.641Z"}
{"level":"error","message":"text analysis (v1) service -> Error!","timestamp":"2022-07-13T16:16:45.646Z"}
{"level":"error","message":"text analysis (v1) service -> Error!","timestamp":"2022-07-13T16:16:45.659Z"}
{"level":"error","message":"text analysis (v1) service -> Error!","timestamp":"2022-07-13T16:16:45.664Z"}
{"level":"error","message":"text analysis (v1) service -> Error!","timestamp":"2022-07-13T17:16:33.373Z"}
{"level":"error","message":"text analysis (v1) service -> Error!","timestamp":"2022-07-13T17:16:33.383Z"}
{"level":"error","message":"text analysis (v1) service -> Error!","timestamp":"2022-07-13T17:16:33.469Z"}
{"level":"error","message":"text analysis (v1) service -> Error!","timestamp":"2022-07-13T17:16:33.474Z"}
{"level":"error","message":"text analysis (v1) service -> Error!","timestamp":"2022-07-13T17:18:00.618Z"}
{"level":"error","message":"text analysis (v1) service -> Error!","timestamp":"2022-07-13T17:18:00.623Z"}
{"level":"error","message":"text analysis (v1) service -> Error!","timestamp":"2022-07-13T17:18:00.632Z"}
{"level":"error","message":"text analysis (v1) service -> Error!","timestamp":"2022-07-13T17:18:00.646Z"}
{"level":"error","message":"rank limiter service -> Error!","timestamp":"2022-07-20T02:55:33.175Z"}
{"level":"error","message":"rank limiter service -> Error!","timestamp":"2022-07-20T02:56:41.631Z"}
